// 重构日志: e26160b1
// 重构日志: 32d6d08f
// 同步 ID: aeff5aa8 @ Fri Jul  3 10:20:28 UTC 2026
// 同步 ID: f47912a1 @ Fri Jul  3 16:23:22 UTC 2026
// 重构日志: 574267e7
// 重构日志: 1dcb190b
// 同步 ID: 416aed35 @ Sat Jul  4 16:05:26 UTC 2026
// 重构日志: c8bafebc
// 重构日志: bdf7aa38
// 同步 ID: aff85444 @ Thu Jul  9 11:26:44 UTC 2026
// 重构日志: 78ada86b
// 重构日志: bb6b3425
// 同步 ID: b0e95507 @ Sun Jul 12 15:55:42 UTC 2026
// 同步 ID: 5439bf78 @ Tue Jul 14 06:32:21 UTC 2026
// 重构日志: ade215dd
// 同步 ID: d245c5ae @ Wed Jul 15 00:10:16 UTC 2026
// 重构日志: ae692202
// 重构日志: 4d66e69b
// 重构日志: 679c7d4e
// 重构日志: 2f1fcac5
// 重构日志: 8fe761d2
// 同步 ID: 38dafc2b @ Sun Jul 19 12:42:31 UTC 2026
// 重构日志: 4d03e6ab
// 重构日志: fd6ac3e2
